<?xml version="1.0" encoding="UTF-8"?>
<testng-results ignored="4" total="12" passed="8" failed="0" skipped="0">
  <reporter-output>
  </reporter-output>
  <suite started-at="2022-11-19T11:36:03 IST" name="Default suite" finished-at="2022-11-19T11:36:04 IST" duration-ms="183">
    <groups>
      <group name="Sainty">
        <method signature="FirstTestcase.EcommerceTest()[pri:0, instance:FirstTestcase@31e5415e]" name="EcommerceTest" class="FirstTestcase"/>
        <method signature="SecondTestcase.registrationTest()[pri:0, instance:SecondTestcase@10163d6]" name="registrationTest" class="SecondTestcase"/>
        <method signature="TestCaseOne.UpdateAuthentication()[pri:0, instance:TestCaseOne@550ee7e5]" name="UpdateAuthentication" class="TestCaseOne"/>
        <method signature="TestCaseOne.editPersonalDetails()[pri:0, instance:TestCaseOne@550ee7e5]" name="editPersonalDetails" class="TestCaseOne"/>
      </group> <!-- Sainty -->
      <group name="Regression">
        <method signature="TestCaseOne.Contactus()[pri:0, instance:TestCaseOne@550ee7e5]" name="Contactus" class="TestCaseOne"/>
        <method signature="TestCaseOne.ForgetPassword()[pri:0, instance:TestCaseOne@550ee7e5]" name="ForgetPassword" class="TestCaseOne"/>
        <method signature="TestCaseOne.doLoginTest()[pri:0, instance:TestCaseOne@550ee7e5]" name="doLoginTest" class="TestCaseOne"/>
        <method signature="TestCaseOne.ecommerceTest()[pri:0, instance:TestCaseOne@550ee7e5]" name="ecommerceTest" class="TestCaseOne"/>
      </group> <!-- Regression -->
    </groups>
    <test started-at="2022-11-19T11:36:03 IST" name="Default test" finished-at="2022-11-19T11:36:04 IST" duration-ms="183">
      <class name="SecondTestcase">
        <test-method signature="registrationTest()[pri:0, instance:SecondTestcase@10163d6]" started-at="2022-11-19T11:36:04 IST" name="registrationTest" finished-at="2022-11-19T11:36:04 IST" duration-ms="1" status="PASS">
          <reporter-output>
          </reporter-output>
        </test-method> <!-- registrationTest -->
      </class> <!-- SecondTestcase -->
      <class name="TestCaseOne">
        <test-method is-config="true" signature="OpenURL()[pri:0, instance:TestCaseOne@550ee7e5]" started-at="2022-11-19T11:36:04 IST" name="OpenURL" finished-at="2022-11-19T11:36:04 IST" duration-ms="1" status="PASS">
          <reporter-output>
          </reporter-output>
        </test-method> <!-- OpenURL -->
        <test-method signature="Contactus()[pri:0, instance:TestCaseOne@550ee7e5]" started-at="2022-11-19T11:36:04 IST" name="Contactus" finished-at="2022-11-19T11:36:04 IST" duration-ms="5" status="PASS">
          <reporter-output>
          </reporter-output>
        </test-method> <!-- Contactus -->
        <test-method signature="ForgetPassword()[pri:0, instance:TestCaseOne@550ee7e5]" started-at="2022-11-19T11:36:04 IST" name="ForgetPassword" finished-at="2022-11-19T11:36:04 IST" duration-ms="3" status="PASS">
          <reporter-output>
          </reporter-output>
        </test-method> <!-- ForgetPassword -->
        <test-method signature="UpdateAuthentication()[pri:0, instance:TestCaseOne@550ee7e5]" started-at="2022-11-19T11:36:04 IST" name="UpdateAuthentication" finished-at="2022-11-19T11:36:04 IST" duration-ms="5" status="PASS">
          <reporter-output>
          </reporter-output>
        </test-method> <!-- UpdateAuthentication -->
        <test-method signature="doLoginTest()[pri:0, instance:TestCaseOne@550ee7e5]" started-at="2022-11-19T11:36:04 IST" name="doLoginTest" finished-at="2022-11-19T11:36:04 IST" duration-ms="4" status="PASS">
          <reporter-output>
          </reporter-output>
        </test-method> <!-- doLoginTest -->
        <test-method signature="ecommerceTest()[pri:0, instance:TestCaseOne@550ee7e5]" started-at="2022-11-19T11:36:04 IST" name="ecommerceTest" finished-at="2022-11-19T11:36:04 IST" duration-ms="2" status="PASS">
          <reporter-output>
          </reporter-output>
        </test-method> <!-- ecommerceTest -->
        <test-method signature="editPersonalDetails()[pri:0, instance:TestCaseOne@550ee7e5]" started-at="2022-11-19T11:36:04 IST" name="editPersonalDetails" finished-at="2022-11-19T11:36:04 IST" duration-ms="5" status="PASS">
          <reporter-output>
          </reporter-output>
        </test-method> <!-- editPersonalDetails -->
        <test-method is-config="true" signature="CloseURL()[pri:0, instance:TestCaseOne@550ee7e5]" started-at="2022-11-19T11:36:04 IST" name="CloseURL" finished-at="2022-11-19T11:36:04 IST" duration-ms="1" status="PASS">
          <reporter-output>
          </reporter-output>
        </test-method> <!-- CloseURL -->
      </class> <!-- TestCaseOne -->
      <class name="FirstTestcase">
        <test-method is-config="true" signature="openDB()[pri:0, instance:FirstTestcase@31e5415e]" started-at="2022-11-19T11:36:03 IST" name="openDB" finished-at="2022-11-19T11:36:03 IST" duration-ms="24" status="PASS">
          <reporter-output>
          </reporter-output>
        </test-method> <!-- openDB -->
        <test-method signature="EcommerceTest()[pri:0, instance:FirstTestcase@31e5415e]" started-at="2022-11-19T11:36:04 IST" name="EcommerceTest" finished-at="2022-11-19T11:36:04 IST" duration-ms="18" status="PASS">
          <reporter-output>
          </reporter-output>
        </test-method> <!-- EcommerceTest -->
        <test-method is-config="true" signature="closeDB()[pri:0, instance:FirstTestcase@31e5415e]" started-at="2022-11-19T11:36:04 IST" name="closeDB" finished-at="2022-11-19T11:36:04 IST" duration-ms="1" status="PASS">
          <reporter-output>
          </reporter-output>
        </test-method> <!-- closeDB -->
      </class> <!-- FirstTestcase -->
    </test> <!-- Default test -->
  </suite> <!-- Default suite -->
</testng-results>
