<?xml version="1.0" encoding="UTF-8"?>
<!-- Generated by org.testng.reporters.JUnitXMLReporter -->
<testsuite ignored="4" hostname="Ravisankaran" failures="0" tests="8" name="Default test" time="0.183" errors="0" timestamp="2022-11-19T11:36:04 IST">
  <testcase classname="FirstTestcase" name="EcommerceTest" time="0.018"/>
  <testcase classname="SecondTestcase" name="registrationTest" time="0.001"/>
  <testcase classname="TestCaseOne" name="Contactus" time="0.005"/>
  <testcase classname="TestCaseOne" name="ForgetPassword" time="0.003"/>
  <testcase classname="TestCaseOne" name="UpdateAuthentication" time="0.005"/>
  <testcase classname="TestCaseOne" name="doLoginTest" time="0.004"/>
  <testcase classname="TestCaseOne" name="ecommerceTest" time="0.002"/>
  <testcase classname="TestCaseOne" name="editPersonalDetails" time="0.005"/>
  <testcase classname="Precondition_Postcondition" name="@BeforeSuite openDB" time="0.0">
    <ignored/>
  </testcase> <!-- @BeforeSuite openDB -->
  <testcase classname="Precondition_Postcondition" name="@BeforeSuite openDB" time="0.0">
    <ignored/>
  </testcase> <!-- @BeforeSuite openDB -->
  <testcase classname="Precondition_Postcondition" name="@AfterSuite closeDB" time="0.0">
    <ignored/>
  </testcase> <!-- @AfterSuite closeDB -->
  <testcase classname="Precondition_Postcondition" name="@AfterSuite closeDB" time="0.0">
    <ignored/>
  </testcase> <!-- @AfterSuite closeDB -->
</testsuite> <!-- Default test -->
